#
# There is insufficient memory for the Java Runtime Environment to continue.
# Native memory allocation (malloc) failed to allocate 1224512 bytes for Chunk::new
# Possible reasons:
#   The system is out of physical RAM or swap space
#   In 32 bit mode, the process size limit was hit
# Possible solutions:
#   Reduce memory load on the system
#   Increase physical memory or swap space
#   Check if swap backing store is full
#   Use 64 bit Java on a 64 bit OS
#   Decrease Java heap size (-Xmx/-Xms)
#   Decrease number of Java threads
#   Decrease Java thread stack sizes (-Xss)
#   Set larger code cache with -XX:ReservedCodeCacheSize=
# This output file may be truncated or incomplete.
#
#  Out of Memory Error (allocation.cpp:390), pid=7772, tid=0x0000000000002b04
#
# JRE version: OpenJDK Runtime Environment (8.0_76-b03) (build 1.8.0_76-release-b03)
# Java VM: OpenJDK 64-Bit Server VM (25.76-b03 mixed mode windows-amd64 compressed oops)
# Failed to write core dump. Minidumps are not enabled by default on client versions of Windows
#

---------------  T H R E A D  ---------------

Current thread (0x00000000166bf000):  JavaThread "C2 CompilerThread1" daemon [_thread_in_native, id=11012, stack(0x0000000018150000,0x0000000018250000)]

Stack: [0x0000000018150000,0x0000000018250000]
[error occurred during error reporting (printing stack bounds), id 0xc0000005]

Native frames: (J=compiled Java code, j=interpreted, Vv=VM code, C=native code)


Current CompileTask:
C2:  47132 5400       4       sun.reflect.generics.parser.SignatureParser::parseFieldTypeSignature (73 bytes)


---------------  P R O C E S S  ---------------

Java Threads: ( => current thread )
  0x000000001a2ba800 JavaThread "File lock request listener" [_thread_in_native, id=6320, stack(0x000000001db00000,0x000000001dc00000)]
  0x0000000019f68800 JavaThread "Stdin handler" [_thread_blocked, id=12152, stack(0x000000001af90000,0x000000001b090000)]
  0x0000000019f5b000 JavaThread "Asynchronous log dispatcher for org.gradle.launcher.daemon.server.DefaultDaemonConnection@2d2b80c5" [_thread_blocked, id=7412, stack(0x000000001ada0000,0x000000001aea0000)]
  0x0000000019eca000 JavaThread "Daemon worker" [_thread_in_native, id=12132, stack(0x000000001abe0000,0x000000001ace0000)]
  0x0000000019ec5800 JavaThread "Cancel handler" [_thread_blocked, id=5008, stack(0x0000000019250000,0x0000000019350000)]
  0x0000000019be1800 JavaThread "Handler for socket connection from /127.0.0.1:55513 to /127.0.0.1:55515" [_thread_in_native, id=2940, stack(0x0000000018820000,0x0000000018920000)]
  0x0000000019ef0800 JavaThread "Daemon" [_thread_blocked, id=8380, stack(0x000000001a950000,0x000000001aa50000)]
  0x0000000019edd000 JavaThread "pool-1-thread-1" [_thread_blocked, id=6596, stack(0x000000001a780000,0x000000001a880000)]
  0x0000000019b01000 JavaThread "Incoming local TCP Connector on port 55513" [_thread_in_native, id=8348, stack(0x0000000017af0000,0x0000000017bf0000)]
  0x00000000182ca000 JavaThread "Service Thread" daemon [_thread_blocked, id=8376, stack(0x00000000175a0000,0x00000000176a0000)]
  0x0000000018251000 JavaThread "C1 CompilerThread2" daemon [_thread_blocked, id=5596, stack(0x0000000018710000,0x0000000018810000)]
=>0x00000000166bf000 JavaThread "C2 CompilerThread1" daemon [_thread_in_native, id=11012, stack(0x0000000018150000,0x0000000018250000)]
  0x00000000166b6800 JavaThread "C2 CompilerThread0" daemon [_thread_in_native, id=8872, stack(0x0000000017f60000,0x0000000018060000)]
  0x00000000166b2800 JavaThread "Attach Listener" daemon [_thread_blocked, id=8204, stack(0x0000000017d30000,0x0000000017e30000)]
  0x00000000166b1800 JavaThread "Signal Dispatcher" daemon [_thread_blocked, id=8580, stack(0x0000000017bf0000,0x0000000017cf0000)]
  0x0000000016697000 JavaThread "Finalizer" daemon [_thread_blocked, id=8400, stack(0x00000000179e0000,0x0000000017ae0000)]
  0x0000000016650000 JavaThread "Reference Handler" daemon [_thread_blocked, id=8372, stack(0x0000000017840000,0x0000000017940000)]
  0x000000000232e000 JavaThread "main" [_thread_blocked, id=4740, stack(0x0000000002560000,0x0000000002660000)]

Other Threads:
  0x0000000016648800 VMThread [stack: 0x0000000017720000,0x0000000017820000] [id=8368]
  0x00000000182cb000 WatcherThread [stack: 0x0000000018930000,0x0000000018a30000] [id=8284]

VM state:not at safepoint (normal execution)

VM Mutex/Monitor currently owned by a thread: None

Heap:
 PSYoungGen      total 131584K, used 77488K [0x00000000e0000000, 0x00000000e8c00000, 0x0000000100000000)
  eden space 126464K, 57% used [0x00000000e0000000,0x00000000e46b3cd8,0x00000000e7b80000)
  from space 5120K, 99% used [0x00000000e8200000,0x00000000e86f86c8,0x00000000e8700000)
  to   space 5120K, 0% used [0x00000000e8700000,0x00000000e8700000,0x00000000e8c00000)
 ParOldGen       total 65024K, used 20492K [0x00000000a0000000, 0x00000000a3f80000, 0x00000000e0000000)
  object space 65024K, 31% used [0x00000000a0000000,0x00000000a1403118,0x00000000a3f80000)
 Metaspace       used 43649K, capacity 44736K, committed 45056K, reserved 1087488K
  class space    used 5834K, capacity 6076K, committed 6144K, reserved 1048576K

Card table byte_map: [0x0000000011cf0000,0x0000000012000000] byte_map_base: 0x00000000117f0000

Marking Bits: (ParMarkBitMap*) 0x0000000055fd9d00
 Begin Bits: [0x00000000129c0000, 0x00000000141c0000)
 End Bits:   [0x00000000141c0000, 0x00000000159c0000)

Polling page: 0x0000000000250000

CodeCache: size=245760Kb used=17784Kb max_used=17784Kb free=227975Kb
 bounds [0x0000000002930000, 0x0000000003aa0000, 0x0000000011930000]
 total_blobs=5581 nmethods=4882 adapters=609
 compilation: enabled

Compilation events (10 events):
Event: 47.017 Thread 0x0000000018251000 nmethod 5419 0x0000000003a86b90 code [0x0000000003a86ce0, 0x0000000003a86df0]
Event: 47.017 Thread 0x0000000018251000 5420       3       org.gradle.model.internal.core.ModelPath::getDepth (10 bytes)
Event: 47.017 Thread 0x0000000018251000 nmethod 5420 0x0000000003a86750 code [0x0000000003a868c0, 0x0000000003a86ae8]
Event: 47.017 Thread 0x0000000018251000 5421       3       org.gradle.model.internal.registry.BindingPredicate::getState (8 bytes)
Event: 47.017 Thread 0x0000000018251000 nmethod 5421 0x0000000003a863d0 code [0x0000000003a86520, 0x0000000003a866b0]
Event: 47.018 Thread 0x00000000166b6800 5422       4       java.lang.reflect.Method::isBridge (16 bytes)
Event: 47.018 Thread 0x00000000166b6800 nmethod 5422 0x00000000038a0790 code [0x00000000038a08c0, 0x00000000038a0938]
Event: 47.020 Thread 0x00000000166b6800 5423       4       com.sun.beans.TypeResolver::erase (167 bytes)
Event: 47.023 Thread 0x00000000166b6800 nmethod 5423 0x0000000003a99690 code [0x0000000003a99840, 0x0000000003a99bd0]
Event: 47.024 Thread 0x00000000166b6800 5424   !   4       java.lang.reflect.Executable::sharedToGenericString (329 bytes)

GC Heap History (10 events):
Event: 12.270 GC heap before
{Heap before GC invocations=5 (full 1):
 PSYoungGen      total 71680K, used 66560K [0x00000000e0000000, 0x00000000e8c00000, 0x0000000100000000)
  eden space 66560K, 100% used [0x00000000e0000000,0x00000000e4100000,0x00000000e4100000)
  from space 5120K, 0% used [0x00000000e4100000,0x00000000e4100000,0x00000000e4600000)
  to   space 5120K, 0% used [0x00000000e8700000,0x00000000e8700000,0x00000000e8c00000)
 ParOldGen       total 56832K, used 12367K [0x00000000a0000000, 0x00000000a3780000, 0x00000000e0000000)
  object space 56832K, 21% used [0x00000000a0000000,0x00000000a0c13dd8,0x00000000a3780000)
 Metaspace       used 25697K, capacity 26330K, committed 26624K, reserved 1073152K
  class space    used 3563K, capacity 3739K, committed 3840K, reserved 1048576K
Event: 12.279 GC heap after
Heap after GC invocations=5 (full 1):
 PSYoungGen      total 131584K, used 5117K [0x00000000e0000000, 0x00000000e8c00000, 0x0000000100000000)
  eden space 126464K, 0% used [0x00000000e0000000,0x00000000e0000000,0x00000000e7b80000)
  from space 5120K, 99% used [0x00000000e8700000,0x00000000e8bff5b0,0x00000000e8c00000)
  to   space 5120K, 0% used [0x00000000e8200000,0x00000000e8200000,0x00000000e8700000)
 ParOldGen       total 56832K, used 14838K [0x00000000a0000000, 0x00000000a3780000, 0x00000000e0000000)
  object space 56832K, 26% used [0x00000000a0000000,0x00000000a0e7d928,0x00000000a3780000)
 Metaspace       used 25697K, capacity 26330K, committed 26624K, reserved 1073152K
  class space    used 3563K, capacity 3739K, committed 3840K, reserved 1048576K
}
Event: 27.746 GC heap before
{Heap before GC invocations=6 (full 1):
 PSYoungGen      total 131584K, used 131581K [0x00000000e0000000, 0x00000000e8c00000, 0x0000000100000000)
  eden space 126464K, 100% used [0x00000000e0000000,0x00000000e7b80000,0x00000000e7b80000)
  from space 5120K, 99% used [0x00000000e8700000,0x00000000e8bff5b0,0x00000000e8c00000)
  to   space 5120K, 0% used [0x00000000e8200000,0x00000000e8200000,0x00000000e8700000)
 ParOldGen       total 56832K, used 14838K [0x00000000a0000000, 0x00000000a3780000, 0x00000000e0000000)
  object space 56832K, 26% used [0x00000000a0000000,0x00000000a0e7d928,0x00000000a3780000)
 Metaspace       used 32287K, capacity 32994K, committed 33280K, reserved 1077248K
  class space    used 4401K, capacity 4576K, committed 4608K, reserved 1048576K
Event: 27.759 GC heap after
Heap after GC invocations=6 (full 1):
 PSYoungGen      total 131584K, used 5108K [0x00000000e0000000, 0x00000000e8c00000, 0x0000000100000000)
  eden space 126464K, 0% used [0x00000000e0000000,0x00000000e0000000,0x00000000e7b80000)
  from space 5120K, 99% used [0x00000000e8200000,0x00000000e86fd030,0x00000000e8700000)
  to   space 5120K, 0% used [0x00000000e8700000,0x00000000e8700000,0x00000000e8c00000)
 ParOldGen       total 56832K, used 20411K [0x00000000a0000000, 0x00000000a3780000, 0x00000000e0000000)
  object space 56832K, 35% used [0x00000000a0000000,0x00000000a13eefa0,0x00000000a3780000)
 Metaspace       used 32287K, capacity 32994K, committed 33280K, reserved 1077248K
  class space    used 4401K, capacity 4576K, committed 4608K, reserved 1048576K
}
Event: 28.859 GC heap before
{Heap before GC invocations=7 (full 1):
 PSYoungGen      total 131584K, used 52073K [0x00000000e0000000, 0x00000000e8c00000, 0x0000000100000000)
  eden space 126464K, 37% used [0x00000000e0000000,0x00000000e2ddd680,0x00000000e7b80000)
  from space 5120K, 99% used [0x00000000e8200000,0x00000000e86fd030,0x00000000e8700000)
  to   space 5120K, 0% used [0x00000000e8700000,0x00000000e8700000,0x00000000e8c00000)
 ParOldGen       total 56832K, used 20411K [0x00000000a0000000, 0x00000000a3780000, 0x00000000e0000000)
  object space 56832K, 35% used [0x00000000a0000000,0x00000000a13eefa0,0x00000000a3780000)
 Metaspace       used 34523K, capacity 35210K, committed 35496K, reserved 1079296K
  class space    used 4662K, capacity 4842K, committed 4864K, reserved 1048576K
Event: 28.879 GC heap after
Heap after GC invocations=7 (full 1):
 PSYoungGen      total 131584K, used 5088K [0x00000000e0000000, 0x00000000e8c00000, 0x0000000100000000)
  eden space 126464K, 0% used [0x00000000e0000000,0x00000000e0000000,0x00000000e7b80000)
  from space 5120K, 99% used [0x00000000e8700000,0x00000000e8bf8020,0x00000000e8c00000)
  to   space 5120K, 0% used [0x00000000e8200000,0x00000000e8200000,0x00000000e8700000)
 ParOldGen       total 56832K, used 23706K [0x00000000a0000000, 0x00000000a3780000, 0x00000000e0000000)
  object space 56832K, 41% used [0x00000000a0000000,0x00000000a1726870,0x00000000a3780000)
 Metaspace       used 34523K, capacity 35210K, committed 35496K, reserved 1079296K
  class space    used 4662K, capacity 4842K, committed 4864K, reserved 1048576K
}
Event: 28.879 GC heap before
{Heap before GC invocations=8 (full 2):
 PSYoungGen      total 131584K, used 5088K [0x00000000e0000000, 0x00000000e8c00000, 0x0000000100000000)
  eden space 126464K, 0% used [0x00000000e0000000,0x00000000e0000000,0x00000000e7b80000)
  from space 5120K, 99% used [0x00000000e8700000,0x00000000e8bf8020,0x00000000e8c00000)
  to   space 5120K, 0% used [0x00000000e8200000,0x00000000e8200000,0x00000000e8700000)
 ParOldGen       total 56832K, used 23706K [0x00000000a0000000, 0x00000000a3780000, 0x00000000e0000000)
  object space 56832K, 41% used [0x00000000a0000000,0x00000000a1726870,0x00000000a3780000)
 Metaspace       used 34523K, capacity 35210K, committed 35496K, reserved 1079296K
  class space    used 4662K, capacity 4842K, committed 4864K, reserved 1048576K
Event: 28.957 GC heap after
Heap after GC invocations=8 (full 2):
 PSYoungGen      total 131584K, used 0K [0x00000000e0000000, 0x00000000e8c00000, 0x0000000100000000)
  eden space 126464K, 0% used [0x00000000e0000000,0x00000000e0000000,0x00000000e7b80000)
  from space 5120K, 0% used [0x00000000e8700000,0x00000000e8700000,0x00000000e8c00000)
  to   space 5120K, 0% used [0x00000000e8200000,0x00000000e8200000,0x00000000e8700000)
 ParOldGen       total 65024K, used 16083K [0x00000000a0000000, 0x00000000a3f80000, 0x00000000e0000000)
  object space 65024K, 24% used [0x00000000a0000000,0x00000000a0fb4c40,0x00000000a3f80000)
 Metaspace       used 34523K, capacity 35210K, committed 35496K, reserved 1079296K
  class space    used 4662K, capacity 4842K, committed 4864K, reserved 1048576K
}
Event: 37.401 GC heap before
{Heap before GC invocations=9 (full 2):
 PSYoungGen      total 131584K, used 126464K [0x00000000e0000000, 0x00000000e8c00000, 0x0000000100000000)
  eden space 126464K, 100% used [0x00000000e0000000,0x00000000e7b80000,0x00000000e7b80000)
  from space 5120K, 0% used [0x00000000e8700000,0x00000000e8700000,0x00000000e8c00000)
  to   space 5120K, 0% used [0x00000000e8200000,0x00000000e8200000,0x00000000e8700000)
 ParOldGen       total 65024K, used 16083K [0x00000000a0000000, 0x00000000a3f80000, 0x00000000e0000000)
  object space 65024K, 24% used [0x00000000a0000000,0x00000000a0fb4c40,0x00000000a3f80000)
 Metaspace       used 41607K, capacity 42564K, committed 43008K, reserved 1087488K
  class space    used 5558K, capacity 5790K, committed 5888K, reserved 1048576K
Event: 37.408 GC heap after
Heap after GC invocations=9 (full 2):
 PSYoungGen      total 131584K, used 5089K [0x00000000e0000000, 0x00000000e8c00000, 0x0000000100000000)
  eden space 126464K, 0% used [0x00000000e0000000,0x00000000e0000000,0x00000000e7b80000)
  from space 5120K, 99% used [0x00000000e8200000,0x00000000e86f86c8,0x00000000e8700000)
  to   space 5120K, 0% used [0x00000000e8700000,0x00000000e8700000,0x00000000e8c00000)
 ParOldGen       total 65024K, used 20492K [0x00000000a0000000, 0x00000000a3f80000, 0x00000000e0000000)
  object space 65024K, 31% used [0x00000000a0000000,0x00000000a1403118,0x00000000a3f80000)
 Metaspace       used 41607K, capacity 42564K, committed 43008K, reserved 1087488K
  class space    used 5558K, capacity 5790K, committed 5888K, reserved 1048576K
}

Deoptimization events (10 events):
Event: 34.737 Thread 0x0000000019eca000 Uncommon trap: reason=unstable_if action=reinterpret pc=0x00000000031aac64 method=com.sun.org.apache.xerces.internal.impl.io.UTF8Reader.read([CII)I @ 131
Event: 34.737 Thread 0x0000000019eca000 Uncommon trap: reason=unstable_if action=reinterpret pc=0x00000000031e6f78 method=java.util.regex.Pattern$BitClass.isSatisfiedBy(I)Z @ 4
Event: 34.737 Thread 0x0000000019eca000 Uncommon trap: reason=unstable_if action=reinterpret pc=0x00000000032af60c method=java.util.regex.Pattern$Ctype.isSatisfiedBy(I)Z @ 4
Event: 37.408 Thread 0x0000000016697000 Uncommon trap: reason=unstable_if action=reinterpret pc=0x0000000002d1f3b4 method=java.lang.ref.ReferenceQueue.poll()Ljava/lang/ref/Reference; @ 4
Event: 46.351 Thread 0x0000000019eca000 Uncommon trap: reason=array_check action=maybe_recompile pc=0x00000000039d6f5c method=java.util.AbstractCollection.toArray([Ljava/lang/Object;)[Ljava/lang/Object; @ 119
Event: 46.351 Thread 0x0000000019eca000 Uncommon trap: reason=array_check action=maybe_recompile pc=0x00000000039d6f5c method=java.util.AbstractCollection.toArray([Ljava/lang/Object;)[Ljava/lang/Object; @ 119
Event: 46.351 Thread 0x0000000019eca000 Uncommon trap: reason=array_check action=maybe_recompile pc=0x00000000039d6f5c method=java.util.AbstractCollection.toArray([Ljava/lang/Object;)[Ljava/lang/Object; @ 119
Event: 46.351 Thread 0x0000000019eca000 Uncommon trap: reason=array_check action=maybe_recompile pc=0x00000000039d6f5c method=java.util.AbstractCollection.toArray([Ljava/lang/Object;)[Ljava/lang/Object; @ 119
Event: 46.551 Thread 0x0000000019eca000 Uncommon trap: reason=unstable_if action=reinterpret pc=0x0000000003193e18 method=java.lang.String.regionMatches(ZILjava/lang/String;II)Z @ 102
Event: 46.780 Thread 0x0000000019eca000 Uncommon trap: reason=unstable_if action=reinterpret pc=0x0000000002c0eb28 method=java.io.WinNTFileSystem.isLetter(C)Z @ 3

Internal exceptions (10 events):
Event: 46.904 Thread 0x0000000019eca000 Exception <a 'java/lang/ClassNotFoundException': com/android/build/gradle/tasks/MergeSourceSetFoldersCustomizer> (0x00000000e41b0290) thrown at [C:\src\android\AOSP-openjdk\external\jetbrains\jdk\hotspot\src\share\vm\classfile\systemDictionary.cpp, line 210©:"øsG@
Event: 46.906 Thread 0x0000000019eca000 Exception <a 'java/lang/ClassNotFoundException': com/android/build/gradle/tasks/MergeSourceSetFolders_DecoratedCustomizer> (0x00000000e41dd318) thrown at [C:\src\android\AOSP-openjdk\external\jetbrains\jdk\hotspot\src\share\vm\classfile\systemDictionary.cp«’òT¨vG@
Event: 46.927 Thread 0x0000000019eca000 Exception <a 'java/lang/ClassNotFoundException': com/android/build/gradle/tasks/GenerateBuildConfig_DecoratedBeanInfo> (0x00000000e42ddc40) thrown at [C:\src\android\AOSP-openjdk\external\jetbrains\jdk\hotspot\src\share\vm\classfile\systemDictionary.cpp, l§ã«ò±vG@
Event: 46.927 Thread 0x0000000019eca000 Exception <a 'java/lang/ClassNotFoundException': com/android/build/gradle/tasks/GenerateBuildConfigBeanInfo> (0x00000000e42eeb58) thrown at [C:\src\android\AOSP-openjdk\external\jetbrains\jdk\hotspot\src\share\vm\classfile\systemDictionary.cpp, line 210]
Event: 46.928 Thread 0x0000000019eca000 Exception <a 'java/lang/ClassNotFoundException': com/android/build/gradle/tasks/GenerateBuildConfigCustomizer> (0x00000000e43002d0) thrown at [C:\src\android\AOSP-openjdk\external\jetbrains\jdk\hotspot\src\share\vm\classfile\systemDictionary.cpp, line 210]
Event: 46.929 Thread 0x0000000019eca000 Exception <a 'java/lang/ClassNotFoundException': com/android/build/gradle/tasks/GenerateBuildConfig_DecoratedCustomizer> (0x00000000e4342f90) thrown at [C:\src\android\AOSP-openjdk\external\jetbrains\jdk\hotspot\src\share\vm\classfile\systemDictionary.cpp,)Dâ¹m‚G@
Event: 47.019 Thread 0x0000000019eca000 Exception <a 'java/lang/ClassNotFoundException': com/android/build/gradle/tasks/ProcessAndroidResources_DecoratedBeanInfo> (0x00000000e4535930) thrown at [C:\src\android\AOSP-openjdk\external\jetbrains\jdk\hotspot\src\share\vm\classfile\systemDictionary.cp×ÆÀöv‚G@
Event: 47.019 Thread 0x0000000019eca000 Exception <a 'java/lang/ClassNotFoundException': com/android/build/gradle/tasks/ProcessAndroidResourcesBeanInfo> (0x00000000e45476f8) thrown at [C:\src\android\AOSP-openjdk\external\jetbrains\jdk\hotspot\src\share\vm\classfile\systemDictionary.cpp, line 21K‘¸§‚G@
Event: 47.020 Thread 0x0000000019eca000 Exception <a 'java/lang/ClassNotFoundException': com/android/build/gradle/tasks/ProcessAndroidResourcesCustomizer> (0x00000000e4559b98) thrown at [C:\src\android\AOSP-openjdk\external\jetbrains\jdk\hotspot\src\share\vm\classfile\systemDictionary.cpp, line  îg¦°‚G@
Event: 47.021 Thread 0x0000000019eca000 Exception <a 'java/lang/ClassNotFoundException': com/android/build/gradle/tasks/ProcessAndroidResources_DecoratedCustomizer> (0x00000000e45bea48) thrown at [C:\src\android\AOSP-openjdk\external\jetbrains\jdk\hotspot\src\share\vm\classfile\systemDictionary..Ÿ‚ÆsG@

Events (10 events):
Event: 47.063 loading class com/android/build/gradle/tasks/ProcessAndroidResources$ConfigAction$4
Event: 47.063 loading class com/android/build/gradle/tasks/ProcessAndroidResources$ConfigAction$4 done
Event: 47.063 loading class com/android/build/gradle/tasks/ProcessAndroidResources$ConfigAction$5
Event: 47.063 loading class com/android/build/gradle/tasks/ProcessAndroidResources$ConfigAction$5 done
Event: 47.064 loading class com/android/build/gradle/tasks/ProcessAndroidResources$ConfigAction$6
Event: 47.064 loading class com/android/build/gradle/tasks/ProcessAndroidResources$ConfigAction$6 done
Event: 47.064 loading class com/android/build/gradle/tasks/ProcessAndroidResources$ConfigAction$7
Event: 47.064 loading class com/android/build/gradle/tasks/ProcessAndroidResources$ConfigAction$7 done
Event: 47.064 loading class com/android/build/gradle/tasks/factory/ProcessJavaResConfigAction
Event: 47.064 loading class com/android/build/gradle/tasks/factory/ProcessJavaResConfigAction done


Dynamic libraries:
0x000000013ff40000 - 0x000000013ff71000 	C:\Program Files\Android\Android Studio\jre\bin\java.exe
0x0000000077530000 - 0x00000000776da000 	C:\Windows\SYSTEM32\ntdll.dll
0x0000000077410000 - 0x000000007752f000 	C:\Windows\system32\kernel32.dll
0x000007fefd290000 - 0x000007fefd2fa000 	C:\Windows\system32\KERNELBASE.dll
0x0000000074f60000 - 0x0000000074fe9000 	C:\Windows\System32\SYSFER.DLL
0x000007fefd620000 - 0x000007fefd6fb000 	C:\Windows\system32\ADVAPI32.dll
0x000007feff7a0000 - 0x000007feff83f000 	C:\Windows\system32\msvcrt.dll
0x000007fefe420000 - 0x000007fefe43f000 	C:\Windows\SYSTEM32\sechost.dll
0x000007fefe180000 - 0x000007fefe2ad000 	C:\Windows\system32\RPCRT4.dll
0x0000000077310000 - 0x000000007740a000 	C:\Windows\system32\USER32.dll
0x000007fefe9a0000 - 0x000007fefea07000 	C:\Windows\system32\GDI32.dll
0x000007fefdf10000 - 0x000007fefdf1e000 	C:\Windows\system32\LPK.dll
0x000007fefdb60000 - 0x000007fefdc2a000 	C:\Windows\system32\USP10.dll
0x000007fefbc40000 - 0x000007fefbe34000 	C:\Windows\WinSxS\amd64_microsoft.windows.common-controls_6595b64144ccf1df_6.0.7601.18837_none_fa3b1e3d17594757\COMCTL32.dll
0x000007fefe100000 - 0x000007fefe171000 	C:\Windows\system32\SHLWAPI.dll
0x000007fefe310000 - 0x000007fefe33e000 	C:\Windows\system32\IMM32.DLL
0x000007fefe890000 - 0x000007fefe999000 	C:\Windows\system32\MSCTF.dll
0x00000000574b0000 - 0x0000000057582000 	C:\Program Files\Android\Android Studio\jre\jre\bin\msvcr100.dll
0x0000000055820000 - 0x0000000056054000 	C:\Program Files\Android\Android Studio\jre\jre\bin\server\jvm.dll
0x000007feed3a0000 - 0x000007feed3a9000 	C:\Windows\system32\WSOCK32.dll
0x000007fefd840000 - 0x000007fefd88d000 	C:\Windows\system32\WS2_32.dll
0x000007fefe440000 - 0x000007fefe448000 	C:\Windows\system32\NSI.dll
0x000007fefb350000 - 0x000007fefb38b000 	C:\Windows\system32\WINMM.dll
0x000007fefc310000 - 0x000007fefc31c000 	C:\Windows\system32\VERSION.dll
0x00000000776f0000 - 0x00000000776f7000 	C:\Windows\system32\PSAPI.DLL
0x000007fefac80000 - 0x000007fefac8f000 	C:\Program Files\Android\Android Studio\jre\jre\bin\verify.dll
0x000007feed320000 - 0x000007feed349000 	C:\Program Files\Android\Android Studio\jre\jre\bin\java.dll
0x000007fee7040000 - 0x000007fee7056000 	C:\Program Files\Android\Android Studio\jre\jre\bin\zip.dll
0x000007fefea10000 - 0x000007feff79c000 	C:\Windows\system32\SHELL32.dll
0x000007fefe4f0000 - 0x000007fefe6f3000 	C:\Windows\system32\ole32.dll
0x000007fefd270000 - 0x000007fefd27f000 	C:\Windows\system32\profapi.dll
0x000007fee7020000 - 0x000007fee703a000 	C:\Program Files\Android\Android Studio\jre\jre\bin\net.dll
0x000007fefca00000 - 0x000007fefca55000 	C:\Windows\system32\mswsock.dll
0x000007fefc9f0000 - 0x000007fefc9f7000 	C:\Windows\System32\wship6.dll
0x000007fee3e60000 - 0x000007fee3e71000 	C:\Program Files\Android\Android Studio\jre\jre\bin\nio.dll
0x000007fee3530000 - 0x000007fee3542000 	C:\Users\20080055\.gradle\native\19\windows-amd64\native-platform.dll
0x000007fefca60000 - 0x000007fefca78000 	C:\Windows\system32\CRYPTSP.dll
0x000007fefc760000 - 0x000007fefc7a7000 	C:\Windows\system32\rsaenh.dll
0x000007fefd5d0000 - 0x000007fefd5ee000 	C:\Windows\system32\USERENV.dll
0x000007fefd0c0000 - 0x000007fefd0cf000 	C:\Windows\system32\CRYPTBASE.dll
0x000007fefa6e0000 - 0x000007fefa707000 	C:\Windows\system32\IPHLPAPI.DLL
0x000007fefa6c0000 - 0x000007fefa6cb000 	C:\Windows\system32\WINNSI.DLL
0x000007fefa540000 - 0x000007fefa551000 	C:\Windows\system32\dhcpcsvc6.DLL
0x000007fefa520000 - 0x000007fefa538000 	C:\Windows\system32\dhcpcsvc.DLL
0x000007feed390000 - 0x000007feed39d000 	C:\Program Files\Android\Android Studio\jre\jre\bin\management.dll
0x000007fefd060000 - 0x000007fefd0b7000 	C:\Windows\system32\apphelp.dll

VM Arguments:
jvm_args: -Xmx1536m -Dfile.encoding=windows-1252 -Duser.country=US -Duser.language=en -Duser.variant 
java_command: org.gradle.launcher.daemon.bootstrap.GradleDaemon 2.14.1
java_class_path (initial): C:\Users\20080055\.gradle\wrapper\dists\gradle-2.14.1-all\8bnwg5hd3w55iofp58khbp6yv\gradle-2.14.1\lib\gradle-launcher-2.14.1.jar
Launcher Type: SUN_STANDARD

Environment Variables:
PATH=C:\ProgramData\Oracle\Java\javapath;C:\Windows\system32;C:\Windows;C:\Windows\System32\Wbem;C:\Windows\System32\WindowsPowerShell\v1.0\;E:\Android\sdk\platform-tools;C:\Program Files\nodejs\;C:\Windows\system32\config\systemprofile\.dnx\bin;C:\Program Files\Microsoft DNX\Dnvm\;C:\Program Files\Microsoft SQL Server\130\Tools\Binn\;C:\Python27;C:\Program Files (x86)\Brackets\command;C:\Program Files\TortoiseSVN\bin;C:\Program Files (x86)\Microsoft SQL Server\110\Tools\Binn\ManagementStudio\;C:\Program Files (x86)\Microsoft SQL Server\110\Tools\Binn\;C:\Program Files\Microsoft SQL Server\110\Tools\Binn\;C:\Program Files (x86)\Microsoft SQL Server\110\DTS\Binn\;C:\Program Files (x86)\Microsoft Visual Studio 10.0\Common7\IDE\PrivateAssemblies\;C:\Program Files\Microsoft SQL Server\110\DTS\Binn\;C:\Users\20080055\AppData\Roaming\npm;C:\Python27;C:\Program Files\Android\Android Studio\gradle\gradle-2.14.1
USERNAME=20080055
OS=Windows_NT
PROCESSOR_IDENTIFIER=Intel64 Family 6 Model 58 Stepping 9, GenuineIntel



---------------  S Y S T E M  ---------------

OS: Windows 7 , 64 bit Build 7601 (6.1.7601.23569)

CPU:total 4 (4 cores per cpu, 1 threads per core) family 6 model 58 stepping 9, cmov, cx8, fxsr, mmx, sse, sse2, sse3, ssse3, sse4.1, sse4.2, popcnt, avx, aes, clmul, erms, tsc, tscinvbit, tscinv

Memory: 4k page, physical 8331776k(808912k free), swap 33325244k(11000k free)

vm_info: OpenJDK 64-Bit Server VM (25.76-b03) for windows-amd64 JRE (1.8.0_76-release-b03), built on Jun 29 2016 19:09:20 by "ralucas" with MS VC++ 10.0 (VS2010)

time: Fri Jan 13 15:11:39 2017
elapsed time: 47 seconds (0d 0h 0m 47s)

